<?xml version="1.0" encoding="UTF-8"?>
<testsuite xmlns:xsi="http://www.w3.org/2001/XMLSchema-instance" xsi:noNamespaceSchemaLocation="https://maven.apache.org/surefire/maven-surefire-plugin/xsd/surefire-test-report-3.0.xsd" version="3.0" name="com.abivin.vkernel.PerformanceTests" time="13.994" tests="9" errors="0" skipped="0" failures="0">
  <properties>
[...]
</properties>
  <testcase name="test_perf_health_response_time" classname="com.abivin.vkernel.PerformanceTests" time="0.224">
    <system-out><![CDATA[2026-03-02 03:53:00,336 [main] INFO  o.s.t.c.s.AnnotationConfigContextLoaderUtils - Could not detect default configuration classes for test class [com.abivin.vkernel.PerformanceTests]: PerformanceTests does not declare any static, non-private, non-final, nested classes annotated with @Configuration.
2026-03-02 03:53:00,387 [main] INFO  o.s.b.t.c.SpringBootTestContextBootstrapper - Found @SpringBootConfiguration com.abivin.vkernel.VKernelApplication for test class com.abivin.vkernel.PerformanceTests

  .   ____          _            __ _ _
 /\\ / ___'_ __ _ _(_)_ __  __ _ \ \ \ \
( ( )\___ | '_ | '_| | '_ \/ _` | \ \ \ \
 \\/  ___)| |_)| | | | | || (_| |  ) ) ) )
  '  |____| .__|_| |_|_| |_\__, | / / / /
 =========|_|==============|___/=/_/_/_/

 :: Spring Boot ::                (v3.3.7)

2026-03-02 03:53:00,647 [main] INFO  com.abivin.vkernel.PerformanceTests - Starting PerformanceTests using Java 21.0.10 with PID 93 (started by root in /app)
2026-03-02 03:53:00,647 [main] DEBUG com.abivin.vkernel.PerformanceTests - Running with Spring Boot v3.3.7, Spring v6.1.16
2026-03-02 03:53:00,647 [main] INFO  com.abivin.vkernel.PerformanceTests - The following 1 profile is active: "test"
2026-03-02 03:53:02,662 [main] INFO  o.s.d.r.c.RepositoryConfigurationDelegate - Bootstrapping Spring Data JPA repositories in DEFAULT mode.
2026-03-02 03:53:03,523 [main] INFO  o.s.d.r.c.RepositoryConfigurationDelegate - Finished Spring Data repository scanning in 860 ms. Found 13 JPA repository interfaces.
2026-03-02 03:53:04,274 [main] INFO  o.s.cloud.context.scope.GenericScope - BeanFactory id=26292341-b153-31e3-aa86-1a4f094eadf8
2026-03-02 03:53:04,713 [main] INFO  o.h.jpa.internal.util.LogHelper - HHH000204: Processing PersistenceUnitInfo [name: default]
2026-03-02 03:53:04,752 [main] INFO  o.h.c.i.RegionFactoryInitiator - HHH000026: Second-level cache disabled
2026-03-02 03:53:04,915 [main] INFO  o.s.o.j.p.SpringPersistenceUnitInfo - No LoadTimeWeaver setup: ignoring JPA class transformer
2026-03-02 03:53:04,931 [main] INFO  com.zaxxer.hikari.HikariDataSource - HikariPool-2 - Starting...
2026-03-02 03:53:04,934 [main] INFO  com.zaxxer.hikari.pool.HikariPool - HikariPool-2 - Added connection conn3: url=jdbc:h2:mem:vkernel_test user=SA
2026-03-02 03:53:04,934 [main] INFO  com.zaxxer.hikari.HikariDataSource - HikariPool-2 - Start completed.
2026-03-02 03:53:04,935 [main] WARN  org.hibernate.orm.deprecation - HHH90000025: H2Dialect does not need to be specified explicitly using 'hibernate.dialect' (remove the property setting and it will be selected by default)
2026-03-02 03:53:05,846 [main] INFO  o.h.e.t.j.p.i.JtaPlatformInitiator - HHH000489: No JTA platform available (set 'hibernate.transaction.jta.platform' to enable JTA platform integration)
2026-03-02 03:53:05,883 [main] INFO  o.s.o.j.LocalContainerEntityManagerFactoryBean - Initialized JPA EntityManagerFactory for persistence unit 'default'
2026-03-02 03:53:06,960 [main] WARN  o.s.b.a.s.s.UserDetailsServiceAutoConfiguration - 

Using generated security password: b148c556-6b01-44bb-b7a6-3b35ca7e61ac

This generated password is for development use only. Your security configuration must be updated before running your application in production.

2026-03-02 03:53:07,586 [main] INFO  o.s.b.a.e.web.EndpointLinksResolver - Exposing 4 endpoints beneath base path '/actuator'
2026-03-02 03:53:08,284 [main] DEBUG c.a.vkernel.g1_iam.SecurityConfig$1 - Filter 'jwtAuthFilter' configured for use
2026-03-02 03:53:08,285 [main] INFO  o.s.b.t.m.w.SpringBootMockServletContext - Initializing Spring TestDispatcherServlet ''
2026-03-02 03:53:08,285 [main] INFO  o.s.t.w.s.TestDispatcherServlet - Initializing Servlet ''
2026-03-02 03:53:08,286 [main] INFO  o.s.t.w.s.TestDispatcherServlet - Completed initialization in 1 ms
2026-03-02 03:53:08,506 [main] INFO  com.abivin.vkernel.PerformanceTests - Started PerformanceTests in 8.069 seconds (process running for 49.417)
NFR-PERF-01: Health avg = 5.0 ms (target < 50ms)
]]></system-out>
  </testcase>
  <testcase name="test_perf_login_response_time" classname="com.abivin.vkernel.PerformanceTests" time="0.401">
    <system-out><![CDATA[NFR-PERF-02: Login avg = 78.8 ms (target < 200ms)
]]></system-out>
  </testcase>
  <testcase name="test_perf_currencies_response_time" classname="com.abivin.vkernel.PerformanceTests" time="0.149">
    <system-out><![CDATA[NFR-PERF-03: Currencies avg = 13.8 ms (target < 150ms)
]]></system-out>
  </testcase>
  <testcase name="test_perf_list_apps_response_time" classname="com.abivin.vkernel.PerformanceTests" time="0.127">
    <system-out><![CDATA[NFR-PERF-03: List Apps avg = 11.5 ms (target < 150ms)
]]></system-out>
  </testcase>
  <testcase name="test_perf_event_publish_response_time" classname="com.abivin.vkernel.PerformanceTests" time="0.177">
    <system-out><![CDATA[NFR-PERF-04: Event publish avg = 25.4 ms (target < 300ms)
]]></system-out>
  </testcase>
  <testcase name="test_perf_throughput_health" classname="com.abivin.vkernel.PerformanceTests" time="0.509">
    <system-out><![CDATA[NFR-PERF-05: Health throughput = 199.2 req/sec (target ≥ 50)
]]></system-out>
  </testcase>
  <testcase name="test_perf_throughput_authenticated_read" classname="com.abivin.vkernel.PerformanceTests" time="0.324">
    <system-out><![CDATA[NFR-PERF-05: Authenticated read throughput = 156.3 req/sec (target ≥ 50)
]]></system-out>
  </testcase>
  <testcase name="test_perf_auth_cycle" classname="com.abivin.vkernel.PerformanceTests" time="3.592">
    <system-out><![CDATA[NFR-PERF-06: 20 register+login cycles = 3588 ms (target < 10000ms)
]]></system-out>
  </testcase>
  <testcase name="test_perf_prometheus_response" classname="com.abivin.vkernel.PerformanceTests" time="0.08">
    <system-out><![CDATA[NFR-PERF-07: Prometheus response = 73 ms, size = 43240 bytes
]]></system-out>
  </testcase>
</testsuite>